The system is: Darwin - 19.4.0 - x86_64
Compiling the C compiler identification source file "CMakeCCompilerId.c" succeeded.
Compiler: /Library/Developer/CommandLineTools/usr/bin/cc 
Build flags: 
Id flags:  

The output was:
0


Compilation of the C compiler identification source "CMakeCCompilerId.c" produced "a.out"

The C compiler identification is AppleClang, found in "/Users/sn/ucode/backup/json-c/CMakeFiles/3.17.2/CompilerIdC/a.out"

Determining if the C compiler works passed with the following output:
Change Dir: /Users/sn/ucode/backup/json-c/CMakeFiles/CMakeTmp

Run Build Command(s):/usr/bin/make cmTC_7fb38/fast && /Library/Developer/CommandLineTools/usr/bin/make  -f CMakeFiles/cmTC_7fb38.dir/build.make CMakeFiles/cmTC_7fb38.dir/build
Building C object CMakeFiles/cmTC_7fb38.dir/testCCompiler.c.o
/Library/Developer/CommandLineTools/usr/bin/cc   -isysroot /Library/Developer/CommandLineTools/SDKs/MacOSX10.15.sdk   -o CMakeFiles/cmTC_7fb38.dir/testCCompiler.c.o   -c /Users/sn/ucode/backup/json-c/CMakeFiles/CMakeTmp/testCCompiler.c
Linking C executable cmTC_7fb38
/usr/local/bin/cmake -E cmake_link_script CMakeFiles/cmTC_7fb38.dir/link.txt --verbose=1
/Library/Developer/CommandLineTools/usr/bin/cc   -isysroot /Library/Developer/CommandLineTools/SDKs/MacOSX10.15.sdk -Wl,-search_paths_first -Wl,-headerpad_max_install_names   CMakeFiles/cmTC_7fb38.dir/testCCompiler.c.o  -o cmTC_7fb38 



Detecting C compiler ABI info compiled with the following output:
Change Dir: /Users/sn/ucode/backup/json-c/CMakeFiles/CMakeTmp

Run Build Command(s):/usr/bin/make cmTC_0151c/fast && /Library/Developer/CommandLineTools/usr/bin/make  -f CMakeFiles/cmTC_0151c.dir/build.make CMakeFiles/cmTC_0151c.dir/build
Building C object CMakeFiles/cmTC_0151c.dir/CMakeCCompilerABI.c.o
/Library/Developer/CommandLineTools/usr/bin/cc   -isysroot /Library/Developer/CommandLineTools/SDKs/MacOSX10.15.sdk   -v -Wl,-v -o CMakeFiles/cmTC_0151c.dir/CMakeCCompilerABI.c.o   -c /usr/local/share/cmake-3.17/Modules/CMakeCCompilerABI.c
Apple clang version 11.0.3 (clang-1103.0.32.29)
Target: x86_64-apple-darwin19.4.0
Thread model: posix
InstalledDir: /Library/Developer/CommandLineTools/usr/bin
clang: warning: -Wl,-v: 'linker' input unused [-Wunused-command-line-argument]
 "/Library/Developer/CommandLineTools/usr/bin/clang" -cc1 -triple x86_64-apple-macosx10.15.0 -Wdeprecated-objc-isa-usage -Werror=deprecated-objc-isa-usage -emit-obj -mrelax-all -disable-free -disable-llvm-verifier -discard-value-names -main-file-name CMakeCCompilerABI.c -mrelocation-model pic -pic-level 2 -mthread-model posix -mframe-pointer=all -fno-strict-return -masm-verbose -munwind-tables -target-sdk-version=10.15.4 -target-cpu penryn -dwarf-column-info -debugger-tuning=lldb -target-linker-version 556.5 -v -coverage-notes-file /Users/sn/ucode/backup/json-c/CMakeFiles/CMakeTmp/CMakeFiles/cmTC_0151c.dir/CMakeCCompilerABI.c.gcno -resource-dir /Library/Developer/CommandLineTools/usr/lib/clang/11.0.3 -isysroot /Library/Developer/CommandLineTools/SDKs/MacOSX10.15.sdk -internal-isystem /Library/Developer/CommandLineTools/SDKs/MacOSX10.15.sdk/usr/local/include -internal-isystem /Library/Developer/CommandLineTools/usr/lib/clang/11.0.3/include -internal-externc-isystem /Library/Developer/CommandLineTools/SDKs/MacOSX10.15.sdk/usr/include -internal-externc-isystem /Library/Developer/CommandLineTools/usr/include -Wno-objc-signed-char-bool-implicit-int-conversion -Wno-extra-semi-stmt -Wno-quoted-include-in-framework-header -fdebug-compilation-dir /Users/sn/ucode/backup/json-c/CMakeFiles/CMakeTmp -ferror-limit 19 -fmessage-length 0 -stack-protector 1 -fstack-check -mdarwin-stkchk-strong-link -fblocks -fencode-extended-block-signature -fregister-global-dtors-with-atexit -fobjc-runtime=macosx-10.15.0 -fmax-type-align=16 -fdiagnostics-show-option -o CMakeFiles/cmTC_0151c.dir/CMakeCCompilerABI.c.o -x c /usr/local/share/cmake-3.17/Modules/CMakeCCompilerABI.c
clang -cc1 version 11.0.3 (clang-1103.0.32.29) default target x86_64-apple-darwin19.4.0
ignoring nonexistent directory "/Library/Developer/CommandLineTools/SDKs/MacOSX10.15.sdk/usr/local/include"
ignoring nonexistent directory "/Library/Developer/CommandLineTools/SDKs/MacOSX10.15.sdk/Library/Frameworks"
#include "..." search starts here:
#include <...> search starts here:
 /Library/Developer/CommandLineTools/usr/lib/clang/11.0.3/include
 /Library/Developer/CommandLineTools/SDKs/MacOSX10.15.sdk/usr/include
 /Library/Developer/CommandLineTools/usr/include
 /Library/Developer/CommandLineTools/SDKs/MacOSX10.15.sdk/System/Library/Frameworks (framework directory)
End of search list.
Linking C executable cmTC_0151c
/usr/local/bin/cmake -E cmake_link_script CMakeFiles/cmTC_0151c.dir/link.txt --verbose=1
/Library/Developer/CommandLineTools/usr/bin/cc   -isysroot /Library/Developer/CommandLineTools/SDKs/MacOSX10.15.sdk -Wl,-search_paths_first -Wl,-headerpad_max_install_names  -v -Wl,-v CMakeFiles/cmTC_0151c.dir/CMakeCCompilerABI.c.o  -o cmTC_0151c 
Apple clang version 11.0.3 (clang-1103.0.32.29)
Target: x86_64-apple-darwin19.4.0
Thread model: posix
InstalledDir: /Library/Developer/CommandLineTools/usr/bin
 "/Library/Developer/CommandLineTools/usr/bin/ld" -demangle -lto_library /Library/Developer/CommandLineTools/usr/lib/libLTO.dylib -dynamic -arch x86_64 -platform_version macos 10.15.0 10.15.4 -syslibroot /Library/Developer/CommandLineTools/SDKs/MacOSX10.15.sdk -o cmTC_0151c -search_paths_first -headerpad_max_install_names -v CMakeFiles/cmTC_0151c.dir/CMakeCCompilerABI.c.o -lSystem /Library/Developer/CommandLineTools/usr/lib/clang/11.0.3/lib/darwin/libclang_rt.osx.a
@(#)PROGRAM:ld  PROJECT:ld64-556.5
BUILD 19:04:29 Mar  6 2020
configured to support archs: armv6 armv7 armv7s arm64 arm64e arm64_32 i386 x86_64 x86_64h armv6m armv7k armv7m armv7em
Library search paths:
	/Library/Developer/CommandLineTools/SDKs/MacOSX10.15.sdk/usr/lib
Framework search paths:
	/Library/Developer/CommandLineTools/SDKs/MacOSX10.15.sdk/System/Library/Frameworks/



Parsed C implicit include dir info from above output: rv=done
  found start of include info
  found start of implicit include info
    add: [/Library/Developer/CommandLineTools/usr/lib/clang/11.0.3/include]
    add: [/Library/Developer/CommandLineTools/SDKs/MacOSX10.15.sdk/usr/include]
    add: [/Library/Developer/CommandLineTools/usr/include]
  end of search list found
  collapse include dir [/Library/Developer/CommandLineTools/usr/lib/clang/11.0.3/include] ==> [/Library/Developer/CommandLineTools/usr/lib/clang/11.0.3/include]
  collapse include dir [/Library/Developer/CommandLineTools/SDKs/MacOSX10.15.sdk/usr/include] ==> [/Library/Developer/CommandLineTools/SDKs/MacOSX10.15.sdk/usr/include]
  collapse include dir [/Library/Developer/CommandLineTools/usr/include] ==> [/Library/Developer/CommandLineTools/usr/include]
  implicit include dirs: [/Library/Developer/CommandLineTools/usr/lib/clang/11.0.3/include;/Library/Developer/CommandLineTools/SDKs/MacOSX10.15.sdk/usr/include;/Library/Developer/CommandLineTools/usr/include]


Parsed C implicit link information from above output:
  link line regex: [^( *|.*[/\])(ld|CMAKE_LINK_STARTFILE-NOTFOUND|([^/\]+-)?ld|collect2)[^/\]*( |$)]
  ignore line: [Change Dir: /Users/sn/ucode/backup/json-c/CMakeFiles/CMakeTmp]
  ignore line: []
  ignore line: [Run Build Command(s):/usr/bin/make cmTC_0151c/fast && /Library/Developer/CommandLineTools/usr/bin/make  -f CMakeFiles/cmTC_0151c.dir/build.make CMakeFiles/cmTC_0151c.dir/build]
  ignore line: [Building C object CMakeFiles/cmTC_0151c.dir/CMakeCCompilerABI.c.o]
  ignore line: [/Library/Developer/CommandLineTools/usr/bin/cc   -isysroot /Library/Developer/CommandLineTools/SDKs/MacOSX10.15.sdk   -v -Wl -v -o CMakeFiles/cmTC_0151c.dir/CMakeCCompilerABI.c.o   -c /usr/local/share/cmake-3.17/Modules/CMakeCCompilerABI.c]
  ignore line: [Apple clang version 11.0.3 (clang-1103.0.32.29)]
  ignore line: [Target: x86_64-apple-darwin19.4.0]
  ignore line: [Thread model: posix]
  ignore line: [InstalledDir: /Library/Developer/CommandLineTools/usr/bin]
  ignore line: [clang: warning: -Wl -v: 'linker' input unused [-Wunused-command-line-argument]]
  ignore line: [ "/Library/Developer/CommandLineTools/usr/bin/clang" -cc1 -triple x86_64-apple-macosx10.15.0 -Wdeprecated-objc-isa-usage -Werror=deprecated-objc-isa-usage -emit-obj -mrelax-all -disable-free -disable-llvm-verifier -discard-value-names -main-file-name CMakeCCompilerABI.c -mrelocation-model pic -pic-level 2 -mthread-model posix -mframe-pointer=all -fno-strict-return -masm-verbose -munwind-tables -target-sdk-version=10.15.4 -target-cpu penryn -dwarf-column-info -debugger-tuning=lldb -target-linker-version 556.5 -v -coverage-notes-file /Users/sn/ucode/backup/json-c/CMakeFiles/CMakeTmp/CMakeFiles/cmTC_0151c.dir/CMakeCCompilerABI.c.gcno -resource-dir /Library/Developer/CommandLineTools/usr/lib/clang/11.0.3 -isysroot /Library/Developer/CommandLineTools/SDKs/MacOSX10.15.sdk -internal-isystem /Library/Developer/CommandLineTools/SDKs/MacOSX10.15.sdk/usr/local/include -internal-isystem /Library/Developer/CommandLineTools/usr/lib/clang/11.0.3/include -internal-externc-isystem /Library/Developer/CommandLineTools/SDKs/MacOSX10.15.sdk/usr/include -internal-externc-isystem /Library/Developer/CommandLineTools/usr/include -Wno-objc-signed-char-bool-implicit-int-conversion -Wno-extra-semi-stmt -Wno-quoted-include-in-framework-header -fdebug-compilation-dir /Users/sn/ucode/backup/json-c/CMakeFiles/CMakeTmp -ferror-limit 19 -fmessage-length 0 -stack-protector 1 -fstack-check -mdarwin-stkchk-strong-link -fblocks -fencode-extended-block-signature -fregister-global-dtors-with-atexit -fobjc-runtime=macosx-10.15.0 -fmax-type-align=16 -fdiagnostics-show-option -o CMakeFiles/cmTC_0151c.dir/CMakeCCompilerABI.c.o -x c /usr/local/share/cmake-3.17/Modules/CMakeCCompilerABI.c]
  ignore line: [clang -cc1 version 11.0.3 (clang-1103.0.32.29) default target x86_64-apple-darwin19.4.0]
  ignore line: [ignoring nonexistent directory "/Library/Developer/CommandLineTools/SDKs/MacOSX10.15.sdk/usr/local/include"]
  ignore line: [ignoring nonexistent directory "/Library/Developer/CommandLineTools/SDKs/MacOSX10.15.sdk/Library/Frameworks"]
  ignore line: [#include "..." search starts here:]
  ignore line: [#include <...> search starts here:]
  ignore line: [ /Library/Developer/CommandLineTools/usr/lib/clang/11.0.3/include]
  ignore line: [ /Library/Developer/CommandLineTools/SDKs/MacOSX10.15.sdk/usr/include]
  ignore line: [ /Library/Developer/CommandLineTools/usr/include]
  ignore line: [ /Library/Developer/CommandLineTools/SDKs/MacOSX10.15.sdk/System/Library/Frameworks (framework directory)]
  ignore line: [End of search list.]
  ignore line: [Linking C executable cmTC_0151c]
  ignore line: [/usr/local/bin/cmake -E cmake_link_script CMakeFiles/cmTC_0151c.dir/link.txt --verbose=1]
  ignore line: [/Library/Developer/CommandLineTools/usr/bin/cc   -isysroot /Library/Developer/CommandLineTools/SDKs/MacOSX10.15.sdk -Wl -search_paths_first -Wl -headerpad_max_install_names  -v -Wl -v CMakeFiles/cmTC_0151c.dir/CMakeCCompilerABI.c.o  -o cmTC_0151c ]
  ignore line: [Apple clang version 11.0.3 (clang-1103.0.32.29)]
  ignore line: [Target: x86_64-apple-darwin19.4.0]
  ignore line: [Thread model: posix]
  ignore line: [InstalledDir: /Library/Developer/CommandLineTools/usr/bin]
  link line: [ "/Library/Developer/CommandLineTools/usr/bin/ld" -demangle -lto_library /Library/Developer/CommandLineTools/usr/lib/libLTO.dylib -dynamic -arch x86_64 -platform_version macos 10.15.0 10.15.4 -syslibroot /Library/Developer/CommandLineTools/SDKs/MacOSX10.15.sdk -o cmTC_0151c -search_paths_first -headerpad_max_install_names -v CMakeFiles/cmTC_0151c.dir/CMakeCCompilerABI.c.o -lSystem /Library/Developer/CommandLineTools/usr/lib/clang/11.0.3/lib/darwin/libclang_rt.osx.a]
    arg [/Library/Developer/CommandLineTools/usr/bin/ld] ==> ignore
    arg [-demangle] ==> ignore
    arg [-lto_library] ==> ignore, skip following value
    arg [/Library/Developer/CommandLineTools/usr/lib/libLTO.dylib] ==> skip value of -lto_library
    arg [-dynamic] ==> ignore
    arg [-arch] ==> ignore
    arg [x86_64] ==> ignore
    arg [-platform_version] ==> ignore
    arg [macos] ==> ignore
    arg [10.15.0] ==> ignore
    arg [10.15.4] ==> ignore
    arg [-syslibroot] ==> ignore
    arg [/Library/Developer/CommandLineTools/SDKs/MacOSX10.15.sdk] ==> ignore
    arg [-o] ==> ignore
    arg [cmTC_0151c] ==> ignore
    arg [-search_paths_first] ==> ignore
    arg [-headerpad_max_install_names] ==> ignore
    arg [-v] ==> ignore
    arg [CMakeFiles/cmTC_0151c.dir/CMakeCCompilerABI.c.o] ==> ignore
    arg [-lSystem] ==> lib [System]
    arg [/Library/Developer/CommandLineTools/usr/lib/clang/11.0.3/lib/darwin/libclang_rt.osx.a] ==> lib [/Library/Developer/CommandLineTools/usr/lib/clang/11.0.3/lib/darwin/libclang_rt.osx.a]
  Library search paths: [;/Library/Developer/CommandLineTools/SDKs/MacOSX10.15.sdk/usr/lib]
  Framework search paths: [;/Library/Developer/CommandLineTools/SDKs/MacOSX10.15.sdk/System/Library/Frameworks/]
  remove lib [System]
  remove lib [/Library/Developer/CommandLineTools/usr/lib/clang/11.0.3/lib/darwin/libclang_rt.osx.a]
  collapse library dir [/Library/Developer/CommandLineTools/SDKs/MacOSX10.15.sdk/usr/lib] ==> [/Library/Developer/CommandLineTools/SDKs/MacOSX10.15.sdk/usr/lib]
  collapse framework dir [/Library/Developer/CommandLineTools/SDKs/MacOSX10.15.sdk/System/Library/Frameworks/] ==> [/Library/Developer/CommandLineTools/SDKs/MacOSX10.15.sdk/System/Library/Frameworks]
  implicit libs: []
  implicit dirs: [/Library/Developer/CommandLineTools/SDKs/MacOSX10.15.sdk/usr/lib]
  implicit fwks: [/Library/Developer/CommandLineTools/SDKs/MacOSX10.15.sdk/System/Library/Frameworks]


Determining if the include file sys/resource.h exists passed with the following output:
Change Dir: /Users/sn/ucode/backup/json-c/CMakeFiles/CMakeTmp

Run Build Command(s):/usr/bin/make cmTC_ef8b5/fast && /Library/Developer/CommandLineTools/usr/bin/make  -f CMakeFiles/cmTC_ef8b5.dir/build.make CMakeFiles/cmTC_ef8b5.dir/build
Building C object CMakeFiles/cmTC_ef8b5.dir/CheckIncludeFile.c.o
/Library/Developer/CommandLineTools/usr/bin/cc   -isysroot /Library/Developer/CommandLineTools/SDKs/MacOSX10.15.sdk   -o CMakeFiles/cmTC_ef8b5.dir/CheckIncludeFile.c.o   -c /Users/sn/ucode/backup/json-c/CMakeFiles/CMakeTmp/CheckIncludeFile.c
Linking C executable cmTC_ef8b5
/usr/local/bin/cmake -E cmake_link_script CMakeFiles/cmTC_ef8b5.dir/link.txt --verbose=1
/Library/Developer/CommandLineTools/usr/bin/cc   -isysroot /Library/Developer/CommandLineTools/SDKs/MacOSX10.15.sdk -Wl,-search_paths_first -Wl,-headerpad_max_install_names   CMakeFiles/cmTC_ef8b5.dir/CheckIncludeFile.c.o  -o cmTC_ef8b5 



Determining if the getrusage exist passed with the following output:
Change Dir: /Users/sn/ucode/backup/json-c/CMakeFiles/CMakeTmp

Run Build Command(s):/usr/bin/make cmTC_ef707/fast && /Library/Developer/CommandLineTools/usr/bin/make  -f CMakeFiles/cmTC_ef707.dir/build.make CMakeFiles/cmTC_ef707.dir/build
Building C object CMakeFiles/cmTC_ef707.dir/CheckSymbolExists.c.o
/Library/Developer/CommandLineTools/usr/bin/cc   -isysroot /Library/Developer/CommandLineTools/SDKs/MacOSX10.15.sdk   -o CMakeFiles/cmTC_ef707.dir/CheckSymbolExists.c.o   -c /Users/sn/ucode/backup/json-c/CMakeFiles/CMakeTmp/CheckSymbolExists.c
Linking C executable cmTC_ef707
/usr/local/bin/cmake -E cmake_link_script CMakeFiles/cmTC_ef707.dir/link.txt --verbose=1
/Library/Developer/CommandLineTools/usr/bin/cc   -isysroot /Library/Developer/CommandLineTools/SDKs/MacOSX10.15.sdk -Wl,-search_paths_first -Wl,-headerpad_max_install_names   CMakeFiles/cmTC_ef707.dir/CheckSymbolExists.c.o  -o cmTC_ef707 


File /Users/sn/ucode/backup/json-c/CMakeFiles/CMakeTmp/CheckSymbolExists.c:
/* */
#include <sys/resource.h>

int main(int argc, char** argv)
{
  (void)argv;
#ifndef getrusage
  return ((int*)(&getrusage))[argc];
#else
  (void)argc;
  return 0;
#endif
}
Determining if the include file fcntl.h exists passed with the following output:
Change Dir: /Users/sn/ucode/backup/json-c/CMakeFiles/CMakeTmp

Run Build Command(s):/usr/bin/make cmTC_f726e/fast && /Library/Developer/CommandLineTools/usr/bin/make  -f CMakeFiles/cmTC_f726e.dir/build.make CMakeFiles/cmTC_f726e.dir/build
Building C object CMakeFiles/cmTC_f726e.dir/CheckIncludeFile.c.o
/Library/Developer/CommandLineTools/usr/bin/cc -D_GNU_SOURCE  -isysroot /Library/Developer/CommandLineTools/SDKs/MacOSX10.15.sdk   -o CMakeFiles/cmTC_f726e.dir/CheckIncludeFile.c.o   -c /Users/sn/ucode/backup/json-c/CMakeFiles/CMakeTmp/CheckIncludeFile.c
Linking C executable cmTC_f726e
/usr/local/bin/cmake -E cmake_link_script CMakeFiles/cmTC_f726e.dir/link.txt --verbose=1
/Library/Developer/CommandLineTools/usr/bin/cc   -isysroot /Library/Developer/CommandLineTools/SDKs/MacOSX10.15.sdk -Wl,-search_paths_first -Wl,-headerpad_max_install_names   CMakeFiles/cmTC_f726e.dir/CheckIncludeFile.c.o  -o cmTC_f726e  -lm 



Determining if the include file inttypes.h exists passed with the following output:
Change Dir: /Users/sn/ucode/backup/json-c/CMakeFiles/CMakeTmp

Run Build Command(s):/usr/bin/make cmTC_f933d/fast && /Library/Developer/CommandLineTools/usr/bin/make  -f CMakeFiles/cmTC_f933d.dir/build.make CMakeFiles/cmTC_f933d.dir/build
Building C object CMakeFiles/cmTC_f933d.dir/CheckIncludeFile.c.o
/Library/Developer/CommandLineTools/usr/bin/cc -D_GNU_SOURCE  -isysroot /Library/Developer/CommandLineTools/SDKs/MacOSX10.15.sdk   -o CMakeFiles/cmTC_f933d.dir/CheckIncludeFile.c.o   -c /Users/sn/ucode/backup/json-c/CMakeFiles/CMakeTmp/CheckIncludeFile.c
Linking C executable cmTC_f933d
/usr/local/bin/cmake -E cmake_link_script CMakeFiles/cmTC_f933d.dir/link.txt --verbose=1
/Library/Developer/CommandLineTools/usr/bin/cc   -isysroot /Library/Developer/CommandLineTools/SDKs/MacOSX10.15.sdk -Wl,-search_paths_first -Wl,-headerpad_max_install_names   CMakeFiles/cmTC_f933d.dir/CheckIncludeFile.c.o  -o cmTC_f933d  -lm 



Determining if the include file stdarg.h exists passed with the following output:
Change Dir: /Users/sn/ucode/backup/json-c/CMakeFiles/CMakeTmp

Run Build Command(s):/usr/bin/make cmTC_335b4/fast && /Library/Developer/CommandLineTools/usr/bin/make  -f CMakeFiles/cmTC_335b4.dir/build.make CMakeFiles/cmTC_335b4.dir/build
Building C object CMakeFiles/cmTC_335b4.dir/CheckIncludeFile.c.o
/Library/Developer/CommandLineTools/usr/bin/cc -D_GNU_SOURCE  -isysroot /Library/Developer/CommandLineTools/SDKs/MacOSX10.15.sdk   -o CMakeFiles/cmTC_335b4.dir/CheckIncludeFile.c.o   -c /Users/sn/ucode/backup/json-c/CMakeFiles/CMakeTmp/CheckIncludeFile.c
Linking C executable cmTC_335b4
/usr/local/bin/cmake -E cmake_link_script CMakeFiles/cmTC_335b4.dir/link.txt --verbose=1
/Library/Developer/CommandLineTools/usr/bin/cc   -isysroot /Library/Developer/CommandLineTools/SDKs/MacOSX10.15.sdk -Wl,-search_paths_first -Wl,-headerpad_max_install_names   CMakeFiles/cmTC_335b4.dir/CheckIncludeFile.c.o  -o cmTC_335b4  -lm 



Determining if the include file strings.h exists passed with the following output:
Change Dir: /Users/sn/ucode/backup/json-c/CMakeFiles/CMakeTmp

Run Build Command(s):/usr/bin/make cmTC_ca527/fast && /Library/Developer/CommandLineTools/usr/bin/make  -f CMakeFiles/cmTC_ca527.dir/build.make CMakeFiles/cmTC_ca527.dir/build
Building C object CMakeFiles/cmTC_ca527.dir/CheckIncludeFile.c.o
/Library/Developer/CommandLineTools/usr/bin/cc -D_GNU_SOURCE  -isysroot /Library/Developer/CommandLineTools/SDKs/MacOSX10.15.sdk   -o CMakeFiles/cmTC_ca527.dir/CheckIncludeFile.c.o   -c /Users/sn/ucode/backup/json-c/CMakeFiles/CMakeTmp/CheckIncludeFile.c
Linking C executable cmTC_ca527
/usr/local/bin/cmake -E cmake_link_script CMakeFiles/cmTC_ca527.dir/link.txt --verbose=1
/Library/Developer/CommandLineTools/usr/bin/cc   -isysroot /Library/Developer/CommandLineTools/SDKs/MacOSX10.15.sdk -Wl,-search_paths_first -Wl,-headerpad_max_install_names   CMakeFiles/cmTC_ca527.dir/CheckIncludeFile.c.o  -o cmTC_ca527  -lm 



Determining if the include file string.h exists passed with the following output:
Change Dir: /Users/sn/ucode/backup/json-c/CMakeFiles/CMakeTmp

Run Build Command(s):/usr/bin/make cmTC_cec1a/fast && /Library/Developer/CommandLineTools/usr/bin/make  -f CMakeFiles/cmTC_cec1a.dir/build.make CMakeFiles/cmTC_cec1a.dir/build
Building C object CMakeFiles/cmTC_cec1a.dir/CheckIncludeFile.c.o
/Library/Developer/CommandLineTools/usr/bin/cc -D_GNU_SOURCE  -isysroot /Library/Developer/CommandLineTools/SDKs/MacOSX10.15.sdk   -o CMakeFiles/cmTC_cec1a.dir/CheckIncludeFile.c.o   -c /Users/sn/ucode/backup/json-c/CMakeFiles/CMakeTmp/CheckIncludeFile.c
Linking C executable cmTC_cec1a
/usr/local/bin/cmake -E cmake_link_script CMakeFiles/cmTC_cec1a.dir/link.txt --verbose=1
/Library/Developer/CommandLineTools/usr/bin/cc   -isysroot /Library/Developer/CommandLineTools/SDKs/MacOSX10.15.sdk -Wl,-search_paths_first -Wl,-headerpad_max_install_names   CMakeFiles/cmTC_cec1a.dir/CheckIncludeFile.c.o  -o cmTC_cec1a  -lm 



Determining if the include file syslog.h exists passed with the following output:
Change Dir: /Users/sn/ucode/backup/json-c/CMakeFiles/CMakeTmp

Run Build Command(s):/usr/bin/make cmTC_1352d/fast && /Library/Developer/CommandLineTools/usr/bin/make  -f CMakeFiles/cmTC_1352d.dir/build.make CMakeFiles/cmTC_1352d.dir/build
Building C object CMakeFiles/cmTC_1352d.dir/CheckIncludeFile.c.o
/Library/Developer/CommandLineTools/usr/bin/cc -D_GNU_SOURCE  -isysroot /Library/Developer/CommandLineTools/SDKs/MacOSX10.15.sdk   -o CMakeFiles/cmTC_1352d.dir/CheckIncludeFile.c.o   -c /Users/sn/ucode/backup/json-c/CMakeFiles/CMakeTmp/CheckIncludeFile.c
Linking C executable cmTC_1352d
/usr/local/bin/cmake -E cmake_link_script CMakeFiles/cmTC_1352d.dir/link.txt --verbose=1
/Library/Developer/CommandLineTools/usr/bin/cc   -isysroot /Library/Developer/CommandLineTools/SDKs/MacOSX10.15.sdk -Wl,-search_paths_first -Wl,-headerpad_max_install_names   CMakeFiles/cmTC_1352d.dir/CheckIncludeFile.c.o  -o cmTC_1352d  -lm 



Determining if files stdlib.h;stdarg.h;string.h;float.h exist passed with the following output:
Change Dir: /Users/sn/ucode/backup/json-c/CMakeFiles/CMakeTmp

Run Build Command(s):/usr/bin/make cmTC_53857/fast && /Library/Developer/CommandLineTools/usr/bin/make  -f CMakeFiles/cmTC_53857.dir/build.make CMakeFiles/cmTC_53857.dir/build
Building C object CMakeFiles/cmTC_53857.dir/STDC_HEADERS.c.o
/Library/Developer/CommandLineTools/usr/bin/cc -D_GNU_SOURCE  -isysroot /Library/Developer/CommandLineTools/SDKs/MacOSX10.15.sdk   -o CMakeFiles/cmTC_53857.dir/STDC_HEADERS.c.o   -c /Users/sn/ucode/backup/json-c/CMakeFiles/CheckIncludeFiles/STDC_HEADERS.c
Linking C executable cmTC_53857
/usr/local/bin/cmake -E cmake_link_script CMakeFiles/cmTC_53857.dir/link.txt --verbose=1
/Library/Developer/CommandLineTools/usr/bin/cc   -isysroot /Library/Developer/CommandLineTools/SDKs/MacOSX10.15.sdk -Wl,-search_paths_first -Wl,-headerpad_max_install_names   CMakeFiles/cmTC_53857.dir/STDC_HEADERS.c.o  -o cmTC_53857  -lm 



Determining if the include file unistd.h exists passed with the following output:
Change Dir: /Users/sn/ucode/backup/json-c/CMakeFiles/CMakeTmp

Run Build Command(s):/usr/bin/make cmTC_1289a/fast && /Library/Developer/CommandLineTools/usr/bin/make  -f CMakeFiles/cmTC_1289a.dir/build.make CMakeFiles/cmTC_1289a.dir/build
Building C object CMakeFiles/cmTC_1289a.dir/CheckIncludeFile.c.o
/Library/Developer/CommandLineTools/usr/bin/cc -D_GNU_SOURCE  -isysroot /Library/Developer/CommandLineTools/SDKs/MacOSX10.15.sdk   -o CMakeFiles/cmTC_1289a.dir/CheckIncludeFile.c.o   -c /Users/sn/ucode/backup/json-c/CMakeFiles/CMakeTmp/CheckIncludeFile.c
Linking C executable cmTC_1289a
/usr/local/bin/cmake -E cmake_link_script CMakeFiles/cmTC_1289a.dir/link.txt --verbose=1
/Library/Developer/CommandLineTools/usr/bin/cc   -isysroot /Library/Developer/CommandLineTools/SDKs/MacOSX10.15.sdk -Wl,-search_paths_first -Wl,-headerpad_max_install_names   CMakeFiles/cmTC_1289a.dir/CheckIncludeFile.c.o  -o cmTC_1289a  -lm 



Determining if the include file sys/types.h exists passed with the following output:
Change Dir: /Users/sn/ucode/backup/json-c/CMakeFiles/CMakeTmp

Run Build Command(s):/usr/bin/make cmTC_cfea9/fast && /Library/Developer/CommandLineTools/usr/bin/make  -f CMakeFiles/cmTC_cfea9.dir/build.make CMakeFiles/cmTC_cfea9.dir/build
Building C object CMakeFiles/cmTC_cfea9.dir/CheckIncludeFile.c.o
/Library/Developer/CommandLineTools/usr/bin/cc -D_GNU_SOURCE  -isysroot /Library/Developer/CommandLineTools/SDKs/MacOSX10.15.sdk   -o CMakeFiles/cmTC_cfea9.dir/CheckIncludeFile.c.o   -c /Users/sn/ucode/backup/json-c/CMakeFiles/CMakeTmp/CheckIncludeFile.c
Linking C executable cmTC_cfea9
/usr/local/bin/cmake -E cmake_link_script CMakeFiles/cmTC_cfea9.dir/link.txt --verbose=1
/Library/Developer/CommandLineTools/usr/bin/cc   -isysroot /Library/Developer/CommandLineTools/SDKs/MacOSX10.15.sdk -Wl,-search_paths_first -Wl,-headerpad_max_install_names   CMakeFiles/cmTC_cfea9.dir/CheckIncludeFile.c.o  -o cmTC_cfea9  -lm 



Determining if the include file dlfcn.h exists passed with the following output:
Change Dir: /Users/sn/ucode/backup/json-c/CMakeFiles/CMakeTmp

Run Build Command(s):/usr/bin/make cmTC_e4181/fast && /Library/Developer/CommandLineTools/usr/bin/make  -f CMakeFiles/cmTC_e4181.dir/build.make CMakeFiles/cmTC_e4181.dir/build
Building C object CMakeFiles/cmTC_e4181.dir/CheckIncludeFile.c.o
/Library/Developer/CommandLineTools/usr/bin/cc -D_GNU_SOURCE  -isysroot /Library/Developer/CommandLineTools/SDKs/MacOSX10.15.sdk   -o CMakeFiles/cmTC_e4181.dir/CheckIncludeFile.c.o   -c /Users/sn/ucode/backup/json-c/CMakeFiles/CMakeTmp/CheckIncludeFile.c
Linking C executable cmTC_e4181
/usr/local/bin/cmake -E cmake_link_script CMakeFiles/cmTC_e4181.dir/link.txt --verbose=1
/Library/Developer/CommandLineTools/usr/bin/cc   -isysroot /Library/Developer/CommandLineTools/SDKs/MacOSX10.15.sdk -Wl,-search_paths_first -Wl,-headerpad_max_install_names   CMakeFiles/cmTC_e4181.dir/CheckIncludeFile.c.o  -o cmTC_e4181  -lm 



Determining if the include file limits.h exists passed with the following output:
Change Dir: /Users/sn/ucode/backup/json-c/CMakeFiles/CMakeTmp

Run Build Command(s):/usr/bin/make cmTC_0283a/fast && /Library/Developer/CommandLineTools/usr/bin/make  -f CMakeFiles/cmTC_0283a.dir/build.make CMakeFiles/cmTC_0283a.dir/build
Building C object CMakeFiles/cmTC_0283a.dir/CheckIncludeFile.c.o
/Library/Developer/CommandLineTools/usr/bin/cc -D_GNU_SOURCE  -isysroot /Library/Developer/CommandLineTools/SDKs/MacOSX10.15.sdk   -o CMakeFiles/cmTC_0283a.dir/CheckIncludeFile.c.o   -c /Users/sn/ucode/backup/json-c/CMakeFiles/CMakeTmp/CheckIncludeFile.c
Linking C executable cmTC_0283a
/usr/local/bin/cmake -E cmake_link_script CMakeFiles/cmTC_0283a.dir/link.txt --verbose=1
/Library/Developer/CommandLineTools/usr/bin/cc   -isysroot /Library/Developer/CommandLineTools/SDKs/MacOSX10.15.sdk -Wl,-search_paths_first -Wl,-headerpad_max_install_names   CMakeFiles/cmTC_0283a.dir/CheckIncludeFile.c.o  -o cmTC_0283a  -lm 



Determining if the include file locale.h exists passed with the following output:
Change Dir: /Users/sn/ucode/backup/json-c/CMakeFiles/CMakeTmp

Run Build Command(s):/usr/bin/make cmTC_43c8a/fast && /Library/Developer/CommandLineTools/usr/bin/make  -f CMakeFiles/cmTC_43c8a.dir/build.make CMakeFiles/cmTC_43c8a.dir/build
Building C object CMakeFiles/cmTC_43c8a.dir/CheckIncludeFile.c.o
/Library/Developer/CommandLineTools/usr/bin/cc -D_GNU_SOURCE  -isysroot /Library/Developer/CommandLineTools/SDKs/MacOSX10.15.sdk   -o CMakeFiles/cmTC_43c8a.dir/CheckIncludeFile.c.o   -c /Users/sn/ucode/backup/json-c/CMakeFiles/CMakeTmp/CheckIncludeFile.c
Linking C executable cmTC_43c8a
/usr/local/bin/cmake -E cmake_link_script CMakeFiles/cmTC_43c8a.dir/link.txt --verbose=1
/Library/Developer/CommandLineTools/usr/bin/cc   -isysroot /Library/Developer/CommandLineTools/SDKs/MacOSX10.15.sdk -Wl,-search_paths_first -Wl,-headerpad_max_install_names   CMakeFiles/cmTC_43c8a.dir/CheckIncludeFile.c.o  -o cmTC_43c8a  -lm 



Determining if the include file memory.h exists passed with the following output:
Change Dir: /Users/sn/ucode/backup/json-c/CMakeFiles/CMakeTmp

Run Build Command(s):/usr/bin/make cmTC_5a8f7/fast && /Library/Developer/CommandLineTools/usr/bin/make  -f CMakeFiles/cmTC_5a8f7.dir/build.make CMakeFiles/cmTC_5a8f7.dir/build
Building C object CMakeFiles/cmTC_5a8f7.dir/CheckIncludeFile.c.o
/Library/Developer/CommandLineTools/usr/bin/cc -D_GNU_SOURCE  -isysroot /Library/Developer/CommandLineTools/SDKs/MacOSX10.15.sdk   -o CMakeFiles/cmTC_5a8f7.dir/CheckIncludeFile.c.o   -c /Users/sn/ucode/backup/json-c/CMakeFiles/CMakeTmp/CheckIncludeFile.c
Linking C executable cmTC_5a8f7
/usr/local/bin/cmake -E cmake_link_script CMakeFiles/cmTC_5a8f7.dir/link.txt --verbose=1
/Library/Developer/CommandLineTools/usr/bin/cc   -isysroot /Library/Developer/CommandLineTools/SDKs/MacOSX10.15.sdk -Wl,-search_paths_first -Wl,-headerpad_max_install_names   CMakeFiles/cmTC_5a8f7.dir/CheckIncludeFile.c.o  -o cmTC_5a8f7  -lm 



Determining if the include file stdint.h exists passed with the following output:
Change Dir: /Users/sn/ucode/backup/json-c/CMakeFiles/CMakeTmp

Run Build Command(s):/usr/bin/make cmTC_338c9/fast && /Library/Developer/CommandLineTools/usr/bin/make  -f CMakeFiles/cmTC_338c9.dir/build.make CMakeFiles/cmTC_338c9.dir/build
Building C object CMakeFiles/cmTC_338c9.dir/CheckIncludeFile.c.o
/Library/Developer/CommandLineTools/usr/bin/cc -D_GNU_SOURCE  -isysroot /Library/Developer/CommandLineTools/SDKs/MacOSX10.15.sdk   -o CMakeFiles/cmTC_338c9.dir/CheckIncludeFile.c.o   -c /Users/sn/ucode/backup/json-c/CMakeFiles/CMakeTmp/CheckIncludeFile.c
Linking C executable cmTC_338c9
/usr/local/bin/cmake -E cmake_link_script CMakeFiles/cmTC_338c9.dir/link.txt --verbose=1
/Library/Developer/CommandLineTools/usr/bin/cc   -isysroot /Library/Developer/CommandLineTools/SDKs/MacOSX10.15.sdk -Wl,-search_paths_first -Wl,-headerpad_max_install_names   CMakeFiles/cmTC_338c9.dir/CheckIncludeFile.c.o  -o cmTC_338c9  -lm 



Determining if the include file stdlib.h exists passed with the following output:
Change Dir: /Users/sn/ucode/backup/json-c/CMakeFiles/CMakeTmp

Run Build Command(s):/usr/bin/make cmTC_564f9/fast && /Library/Developer/CommandLineTools/usr/bin/make  -f CMakeFiles/cmTC_564f9.dir/build.make CMakeFiles/cmTC_564f9.dir/build
Building C object CMakeFiles/cmTC_564f9.dir/CheckIncludeFile.c.o
/Library/Developer/CommandLineTools/usr/bin/cc -D_GNU_SOURCE  -isysroot /Library/Developer/CommandLineTools/SDKs/MacOSX10.15.sdk   -o CMakeFiles/cmTC_564f9.dir/CheckIncludeFile.c.o   -c /Users/sn/ucode/backup/json-c/CMakeFiles/CMakeTmp/CheckIncludeFile.c
Linking C executable cmTC_564f9
/usr/local/bin/cmake -E cmake_link_script CMakeFiles/cmTC_564f9.dir/link.txt --verbose=1
/Library/Developer/CommandLineTools/usr/bin/cc   -isysroot /Library/Developer/CommandLineTools/SDKs/MacOSX10.15.sdk -Wl,-search_paths_first -Wl,-headerpad_max_install_names   CMakeFiles/cmTC_564f9.dir/CheckIncludeFile.c.o  -o cmTC_564f9  -lm 



Determining if the include file sys/cdefs.h exists passed with the following output:
Change Dir: /Users/sn/ucode/backup/json-c/CMakeFiles/CMakeTmp

Run Build Command(s):/usr/bin/make cmTC_cb3e1/fast && /Library/Developer/CommandLineTools/usr/bin/make  -f CMakeFiles/cmTC_cb3e1.dir/build.make CMakeFiles/cmTC_cb3e1.dir/build
Building C object CMakeFiles/cmTC_cb3e1.dir/CheckIncludeFile.c.o
/Library/Developer/CommandLineTools/usr/bin/cc -D_GNU_SOURCE  -isysroot /Library/Developer/CommandLineTools/SDKs/MacOSX10.15.sdk   -o CMakeFiles/cmTC_cb3e1.dir/CheckIncludeFile.c.o   -c /Users/sn/ucode/backup/json-c/CMakeFiles/CMakeTmp/CheckIncludeFile.c
Linking C executable cmTC_cb3e1
/usr/local/bin/cmake -E cmake_link_script CMakeFiles/cmTC_cb3e1.dir/link.txt --verbose=1
/Library/Developer/CommandLineTools/usr/bin/cc   -isysroot /Library/Developer/CommandLineTools/SDKs/MacOSX10.15.sdk -Wl,-search_paths_first -Wl,-headerpad_max_install_names   CMakeFiles/cmTC_cb3e1.dir/CheckIncludeFile.c.o  -o cmTC_cb3e1  -lm 



Determining if the include file sys/param.h exists passed with the following output:
Change Dir: /Users/sn/ucode/backup/json-c/CMakeFiles/CMakeTmp

Run Build Command(s):/usr/bin/make cmTC_7d4de/fast && /Library/Developer/CommandLineTools/usr/bin/make  -f CMakeFiles/cmTC_7d4de.dir/build.make CMakeFiles/cmTC_7d4de.dir/build
Building C object CMakeFiles/cmTC_7d4de.dir/CheckIncludeFile.c.o
/Library/Developer/CommandLineTools/usr/bin/cc -D_GNU_SOURCE  -isysroot /Library/Developer/CommandLineTools/SDKs/MacOSX10.15.sdk   -o CMakeFiles/cmTC_7d4de.dir/CheckIncludeFile.c.o   -c /Users/sn/ucode/backup/json-c/CMakeFiles/CMakeTmp/CheckIncludeFile.c
Linking C executable cmTC_7d4de
/usr/local/bin/cmake -E cmake_link_script CMakeFiles/cmTC_7d4de.dir/link.txt --verbose=1
/Library/Developer/CommandLineTools/usr/bin/cc   -isysroot /Library/Developer/CommandLineTools/SDKs/MacOSX10.15.sdk -Wl,-search_paths_first -Wl,-headerpad_max_install_names   CMakeFiles/cmTC_7d4de.dir/CheckIncludeFile.c.o  -o cmTC_7d4de  -lm 



Determining if the include file sys/stat.h exists passed with the following output:
Change Dir: /Users/sn/ucode/backup/json-c/CMakeFiles/CMakeTmp

Run Build Command(s):/usr/bin/make cmTC_4530c/fast && /Library/Developer/CommandLineTools/usr/bin/make  -f CMakeFiles/cmTC_4530c.dir/build.make CMakeFiles/cmTC_4530c.dir/build
Building C object CMakeFiles/cmTC_4530c.dir/CheckIncludeFile.c.o
/Library/Developer/CommandLineTools/usr/bin/cc -D_GNU_SOURCE  -isysroot /Library/Developer/CommandLineTools/SDKs/MacOSX10.15.sdk   -o CMakeFiles/cmTC_4530c.dir/CheckIncludeFile.c.o   -c /Users/sn/ucode/backup/json-c/CMakeFiles/CMakeTmp/CheckIncludeFile.c
Linking C executable cmTC_4530c
/usr/local/bin/cmake -E cmake_link_script CMakeFiles/cmTC_4530c.dir/link.txt --verbose=1
/Library/Developer/CommandLineTools/usr/bin/cc   -isysroot /Library/Developer/CommandLineTools/SDKs/MacOSX10.15.sdk -Wl,-search_paths_first -Wl,-headerpad_max_install_names   CMakeFiles/cmTC_4530c.dir/CheckIncludeFile.c.o  -o cmTC_4530c  -lm 



Determining if the include file xlocale.h exists passed with the following output:
Change Dir: /Users/sn/ucode/backup/json-c/CMakeFiles/CMakeTmp

Run Build Command(s):/usr/bin/make cmTC_46d1c/fast && /Library/Developer/CommandLineTools/usr/bin/make  -f CMakeFiles/cmTC_46d1c.dir/build.make CMakeFiles/cmTC_46d1c.dir/build
Building C object CMakeFiles/cmTC_46d1c.dir/CheckIncludeFile.c.o
/Library/Developer/CommandLineTools/usr/bin/cc -D_GNU_SOURCE  -isysroot /Library/Developer/CommandLineTools/SDKs/MacOSX10.15.sdk   -o CMakeFiles/cmTC_46d1c.dir/CheckIncludeFile.c.o   -c /Users/sn/ucode/backup/json-c/CMakeFiles/CMakeTmp/CheckIncludeFile.c
Linking C executable cmTC_46d1c
/usr/local/bin/cmake -E cmake_link_script CMakeFiles/cmTC_46d1c.dir/link.txt --verbose=1
/Library/Developer/CommandLineTools/usr/bin/cc   -isysroot /Library/Developer/CommandLineTools/SDKs/MacOSX10.15.sdk -Wl,-search_paths_first -Wl,-headerpad_max_install_names   CMakeFiles/cmTC_46d1c.dir/CheckIncludeFile.c.o  -o cmTC_46d1c  -lm 



Determining if the INFINITY exist passed with the following output:
Change Dir: /Users/sn/ucode/backup/json-c/CMakeFiles/CMakeTmp

Run Build Command(s):/usr/bin/make cmTC_5485d/fast && /Library/Developer/CommandLineTools/usr/bin/make  -f CMakeFiles/cmTC_5485d.dir/build.make CMakeFiles/cmTC_5485d.dir/build
Building C object CMakeFiles/cmTC_5485d.dir/CheckSymbolExists.c.o
/Library/Developer/CommandLineTools/usr/bin/cc -D_GNU_SOURCE  -isysroot /Library/Developer/CommandLineTools/SDKs/MacOSX10.15.sdk   -o CMakeFiles/cmTC_5485d.dir/CheckSymbolExists.c.o   -c /Users/sn/ucode/backup/json-c/CMakeFiles/CMakeTmp/CheckSymbolExists.c
Linking C executable cmTC_5485d
/usr/local/bin/cmake -E cmake_link_script CMakeFiles/cmTC_5485d.dir/link.txt --verbose=1
/Library/Developer/CommandLineTools/usr/bin/cc   -isysroot /Library/Developer/CommandLineTools/SDKs/MacOSX10.15.sdk -Wl,-search_paths_first -Wl,-headerpad_max_install_names   CMakeFiles/cmTC_5485d.dir/CheckSymbolExists.c.o  -o cmTC_5485d  -lm 


File /Users/sn/ucode/backup/json-c/CMakeFiles/CMakeTmp/CheckSymbolExists.c:
/* */
#include <math.h>

int main(int argc, char** argv)
{
  (void)argv;
#ifndef INFINITY
  return ((int*)(&INFINITY))[argc];
#else
  (void)argc;
  return 0;
#endif
}
Determining if the isinf exist passed with the following output:
Change Dir: /Users/sn/ucode/backup/json-c/CMakeFiles/CMakeTmp

Run Build Command(s):/usr/bin/make cmTC_e326f/fast && /Library/Developer/CommandLineTools/usr/bin/make  -f CMakeFiles/cmTC_e326f.dir/build.make CMakeFiles/cmTC_e326f.dir/build
Building C object CMakeFiles/cmTC_e326f.dir/CheckSymbolExists.c.o
/Library/Developer/CommandLineTools/usr/bin/cc -D_GNU_SOURCE  -isysroot /Library/Developer/CommandLineTools/SDKs/MacOSX10.15.sdk   -o CMakeFiles/cmTC_e326f.dir/CheckSymbolExists.c.o   -c /Users/sn/ucode/backup/json-c/CMakeFiles/CMakeTmp/CheckSymbolExists.c
Linking C executable cmTC_e326f
/usr/local/bin/cmake -E cmake_link_script CMakeFiles/cmTC_e326f.dir/link.txt --verbose=1
/Library/Developer/CommandLineTools/usr/bin/cc   -isysroot /Library/Developer/CommandLineTools/SDKs/MacOSX10.15.sdk -Wl,-search_paths_first -Wl,-headerpad_max_install_names   CMakeFiles/cmTC_e326f.dir/CheckSymbolExists.c.o  -o cmTC_e326f  -lm 


File /Users/sn/ucode/backup/json-c/CMakeFiles/CMakeTmp/CheckSymbolExists.c:
/* */
#include <math.h>

int main(int argc, char** argv)
{
  (void)argv;
#ifndef isinf
  return ((int*)(&isinf))[argc];
#else
  (void)argc;
  return 0;
#endif
}
Determining if the isnan exist passed with the following output:
Change Dir: /Users/sn/ucode/backup/json-c/CMakeFiles/CMakeTmp

Run Build Command(s):/usr/bin/make cmTC_0bacd/fast && /Library/Developer/CommandLineTools/usr/bin/make  -f CMakeFiles/cmTC_0bacd.dir/build.make CMakeFiles/cmTC_0bacd.dir/build
Building C object CMakeFiles/cmTC_0bacd.dir/CheckSymbolExists.c.o
/Library/Developer/CommandLineTools/usr/bin/cc -D_GNU_SOURCE  -isysroot /Library/Developer/CommandLineTools/SDKs/MacOSX10.15.sdk   -o CMakeFiles/cmTC_0bacd.dir/CheckSymbolExists.c.o   -c /Users/sn/ucode/backup/json-c/CMakeFiles/CMakeTmp/CheckSymbolExists.c
Linking C executable cmTC_0bacd
/usr/local/bin/cmake -E cmake_link_script CMakeFiles/cmTC_0bacd.dir/link.txt --verbose=1
/Library/Developer/CommandLineTools/usr/bin/cc   -isysroot /Library/Developer/CommandLineTools/SDKs/MacOSX10.15.sdk -Wl,-search_paths_first -Wl,-headerpad_max_install_names   CMakeFiles/cmTC_0bacd.dir/CheckSymbolExists.c.o  -o cmTC_0bacd  -lm 


File /Users/sn/ucode/backup/json-c/CMakeFiles/CMakeTmp/CheckSymbolExists.c:
/* */
#include <math.h>

int main(int argc, char** argv)
{
  (void)argv;
#ifndef isnan
  return ((int*)(&isnan))[argc];
#else
  (void)argc;
  return 0;
#endif
}
Determining if the nan exist passed with the following output:
Change Dir: /Users/sn/ucode/backup/json-c/CMakeFiles/CMakeTmp

Run Build Command(s):/usr/bin/make cmTC_90ea2/fast && /Library/Developer/CommandLineTools/usr/bin/make  -f CMakeFiles/cmTC_90ea2.dir/build.make CMakeFiles/cmTC_90ea2.dir/build
Building C object CMakeFiles/cmTC_90ea2.dir/CheckSymbolExists.c.o
/Library/Developer/CommandLineTools/usr/bin/cc -D_GNU_SOURCE  -isysroot /Library/Developer/CommandLineTools/SDKs/MacOSX10.15.sdk   -o CMakeFiles/cmTC_90ea2.dir/CheckSymbolExists.c.o   -c /Users/sn/ucode/backup/json-c/CMakeFiles/CMakeTmp/CheckSymbolExists.c
Linking C executable cmTC_90ea2
/usr/local/bin/cmake -E cmake_link_script CMakeFiles/cmTC_90ea2.dir/link.txt --verbose=1
/Library/Developer/CommandLineTools/usr/bin/cc   -isysroot /Library/Developer/CommandLineTools/SDKs/MacOSX10.15.sdk -Wl,-search_paths_first -Wl,-headerpad_max_install_names   CMakeFiles/cmTC_90ea2.dir/CheckSymbolExists.c.o  -o cmTC_90ea2  -lm 


File /Users/sn/ucode/backup/json-c/CMakeFiles/CMakeTmp/CheckSymbolExists.c:
/* */
#include <math.h>

int main(int argc, char** argv)
{
  (void)argv;
#ifndef nan
  return ((int*)(&nan))[argc];
#else
  (void)argc;
  return 0;
#endif
}
Determining if the snprintf exist passed with the following output:
Change Dir: /Users/sn/ucode/backup/json-c/CMakeFiles/CMakeTmp

Run Build Command(s):/usr/bin/make cmTC_e0353/fast && /Library/Developer/CommandLineTools/usr/bin/make  -f CMakeFiles/cmTC_e0353.dir/build.make CMakeFiles/cmTC_e0353.dir/build
Building C object CMakeFiles/cmTC_e0353.dir/CheckSymbolExists.c.o
/Library/Developer/CommandLineTools/usr/bin/cc -D_GNU_SOURCE  -isysroot /Library/Developer/CommandLineTools/SDKs/MacOSX10.15.sdk   -o CMakeFiles/cmTC_e0353.dir/CheckSymbolExists.c.o   -c /Users/sn/ucode/backup/json-c/CMakeFiles/CMakeTmp/CheckSymbolExists.c
Linking C executable cmTC_e0353
/usr/local/bin/cmake -E cmake_link_script CMakeFiles/cmTC_e0353.dir/link.txt --verbose=1
/Library/Developer/CommandLineTools/usr/bin/cc   -isysroot /Library/Developer/CommandLineTools/SDKs/MacOSX10.15.sdk -Wl,-search_paths_first -Wl,-headerpad_max_install_names   CMakeFiles/cmTC_e0353.dir/CheckSymbolExists.c.o  -o cmTC_e0353  -lm 


File /Users/sn/ucode/backup/json-c/CMakeFiles/CMakeTmp/CheckSymbolExists.c:
/* */
#include <stdio.h>

int main(int argc, char** argv)
{
  (void)argv;
#ifndef snprintf
  return ((int*)(&snprintf))[argc];
#else
  (void)argc;
  return 0;
#endif
}
Determining if the vasprintf exist passed with the following output:
Change Dir: /Users/sn/ucode/backup/json-c/CMakeFiles/CMakeTmp

Run Build Command(s):/usr/bin/make cmTC_518b2/fast && /Library/Developer/CommandLineTools/usr/bin/make  -f CMakeFiles/cmTC_518b2.dir/build.make CMakeFiles/cmTC_518b2.dir/build
Building C object CMakeFiles/cmTC_518b2.dir/CheckSymbolExists.c.o
/Library/Developer/CommandLineTools/usr/bin/cc -D_GNU_SOURCE  -isysroot /Library/Developer/CommandLineTools/SDKs/MacOSX10.15.sdk   -o CMakeFiles/cmTC_518b2.dir/CheckSymbolExists.c.o   -c /Users/sn/ucode/backup/json-c/CMakeFiles/CMakeTmp/CheckSymbolExists.c
Linking C executable cmTC_518b2
/usr/local/bin/cmake -E cmake_link_script CMakeFiles/cmTC_518b2.dir/link.txt --verbose=1
/Library/Developer/CommandLineTools/usr/bin/cc   -isysroot /Library/Developer/CommandLineTools/SDKs/MacOSX10.15.sdk -Wl,-search_paths_first -Wl,-headerpad_max_install_names   CMakeFiles/cmTC_518b2.dir/CheckSymbolExists.c.o  -o cmTC_518b2  -lm 


File /Users/sn/ucode/backup/json-c/CMakeFiles/CMakeTmp/CheckSymbolExists.c:
/* */
#include <stdio.h>

int main(int argc, char** argv)
{
  (void)argv;
#ifndef vasprintf
  return ((int*)(&vasprintf))[argc];
#else
  (void)argc;
  return 0;
#endif
}
Determining if the vsnprintf exist passed with the following output:
Change Dir: /Users/sn/ucode/backup/json-c/CMakeFiles/CMakeTmp

Run Build Command(s):/usr/bin/make cmTC_b2587/fast && /Library/Developer/CommandLineTools/usr/bin/make  -f CMakeFiles/cmTC_b2587.dir/build.make CMakeFiles/cmTC_b2587.dir/build
Building C object CMakeFiles/cmTC_b2587.dir/CheckSymbolExists.c.o
/Library/Developer/CommandLineTools/usr/bin/cc -D_GNU_SOURCE  -isysroot /Library/Developer/CommandLineTools/SDKs/MacOSX10.15.sdk   -o CMakeFiles/cmTC_b2587.dir/CheckSymbolExists.c.o   -c /Users/sn/ucode/backup/json-c/CMakeFiles/CMakeTmp/CheckSymbolExists.c
Linking C executable cmTC_b2587
/usr/local/bin/cmake -E cmake_link_script CMakeFiles/cmTC_b2587.dir/link.txt --verbose=1
/Library/Developer/CommandLineTools/usr/bin/cc   -isysroot /Library/Developer/CommandLineTools/SDKs/MacOSX10.15.sdk -Wl,-search_paths_first -Wl,-headerpad_max_install_names   CMakeFiles/cmTC_b2587.dir/CheckSymbolExists.c.o  -o cmTC_b2587  -lm 


File /Users/sn/ucode/backup/json-c/CMakeFiles/CMakeTmp/CheckSymbolExists.c:
/* */
#include <stdio.h>

int main(int argc, char** argv)
{
  (void)argv;
#ifndef vsnprintf
  return ((int*)(&vsnprintf))[argc];
#else
  (void)argc;
  return 0;
#endif
}
Determining if the vprintf exist passed with the following output:
Change Dir: /Users/sn/ucode/backup/json-c/CMakeFiles/CMakeTmp

Run Build Command(s):/usr/bin/make cmTC_dcf2d/fast && /Library/Developer/CommandLineTools/usr/bin/make  -f CMakeFiles/cmTC_dcf2d.dir/build.make CMakeFiles/cmTC_dcf2d.dir/build
Building C object CMakeFiles/cmTC_dcf2d.dir/CheckSymbolExists.c.o
/Library/Developer/CommandLineTools/usr/bin/cc -D_GNU_SOURCE  -isysroot /Library/Developer/CommandLineTools/SDKs/MacOSX10.15.sdk   -o CMakeFiles/cmTC_dcf2d.dir/CheckSymbolExists.c.o   -c /Users/sn/ucode/backup/json-c/CMakeFiles/CMakeTmp/CheckSymbolExists.c
Linking C executable cmTC_dcf2d
/usr/local/bin/cmake -E cmake_link_script CMakeFiles/cmTC_dcf2d.dir/link.txt --verbose=1
/Library/Developer/CommandLineTools/usr/bin/cc   -isysroot /Library/Developer/CommandLineTools/SDKs/MacOSX10.15.sdk -Wl,-search_paths_first -Wl,-headerpad_max_install_names   CMakeFiles/cmTC_dcf2d.dir/CheckSymbolExists.c.o  -o cmTC_dcf2d  -lm 


File /Users/sn/ucode/backup/json-c/CMakeFiles/CMakeTmp/CheckSymbolExists.c:
/* */
#include <stdio.h>

int main(int argc, char** argv)
{
  (void)argv;
#ifndef vprintf
  return ((int*)(&vprintf))[argc];
#else
  (void)argc;
  return 0;
#endif
}
Determining if the open exist passed with the following output:
Change Dir: /Users/sn/ucode/backup/json-c/CMakeFiles/CMakeTmp

Run Build Command(s):/usr/bin/make cmTC_bbb38/fast && /Library/Developer/CommandLineTools/usr/bin/make  -f CMakeFiles/cmTC_bbb38.dir/build.make CMakeFiles/cmTC_bbb38.dir/build
Building C object CMakeFiles/cmTC_bbb38.dir/CheckSymbolExists.c.o
/Library/Developer/CommandLineTools/usr/bin/cc -D_GNU_SOURCE  -isysroot /Library/Developer/CommandLineTools/SDKs/MacOSX10.15.sdk   -o CMakeFiles/cmTC_bbb38.dir/CheckSymbolExists.c.o   -c /Users/sn/ucode/backup/json-c/CMakeFiles/CMakeTmp/CheckSymbolExists.c
Linking C executable cmTC_bbb38
/usr/local/bin/cmake -E cmake_link_script CMakeFiles/cmTC_bbb38.dir/link.txt --verbose=1
/Library/Developer/CommandLineTools/usr/bin/cc   -isysroot /Library/Developer/CommandLineTools/SDKs/MacOSX10.15.sdk -Wl,-search_paths_first -Wl,-headerpad_max_install_names   CMakeFiles/cmTC_bbb38.dir/CheckSymbolExists.c.o  -o cmTC_bbb38  -lm 


File /Users/sn/ucode/backup/json-c/CMakeFiles/CMakeTmp/CheckSymbolExists.c:
/* */
#include <fcntl.h>

int main(int argc, char** argv)
{
  (void)argv;
#ifndef open
  return ((int*)(&open))[argc];
#else
  (void)argc;
  return 0;
#endif
}
Determining if the realloc exist passed with the following output:
Change Dir: /Users/sn/ucode/backup/json-c/CMakeFiles/CMakeTmp

Run Build Command(s):/usr/bin/make cmTC_55b9d/fast && /Library/Developer/CommandLineTools/usr/bin/make  -f CMakeFiles/cmTC_55b9d.dir/build.make CMakeFiles/cmTC_55b9d.dir/build
Building C object CMakeFiles/cmTC_55b9d.dir/CheckSymbolExists.c.o
/Library/Developer/CommandLineTools/usr/bin/cc -D_GNU_SOURCE  -isysroot /Library/Developer/CommandLineTools/SDKs/MacOSX10.15.sdk   -o CMakeFiles/cmTC_55b9d.dir/CheckSymbolExists.c.o   -c /Users/sn/ucode/backup/json-c/CMakeFiles/CMakeTmp/CheckSymbolExists.c
Linking C executable cmTC_55b9d
/usr/local/bin/cmake -E cmake_link_script CMakeFiles/cmTC_55b9d.dir/link.txt --verbose=1
/Library/Developer/CommandLineTools/usr/bin/cc   -isysroot /Library/Developer/CommandLineTools/SDKs/MacOSX10.15.sdk -Wl,-search_paths_first -Wl,-headerpad_max_install_names   CMakeFiles/cmTC_55b9d.dir/CheckSymbolExists.c.o  -o cmTC_55b9d  -lm 


File /Users/sn/ucode/backup/json-c/CMakeFiles/CMakeTmp/CheckSymbolExists.c:
/* */
#include <stdlib.h>

int main(int argc, char** argv)
{
  (void)argv;
#ifndef realloc
  return ((int*)(&realloc))[argc];
#else
  (void)argc;
  return 0;
#endif
}
Determining if the setlocale exist passed with the following output:
Change Dir: /Users/sn/ucode/backup/json-c/CMakeFiles/CMakeTmp

Run Build Command(s):/usr/bin/make cmTC_e8ca6/fast && /Library/Developer/CommandLineTools/usr/bin/make  -f CMakeFiles/cmTC_e8ca6.dir/build.make CMakeFiles/cmTC_e8ca6.dir/build
Building C object CMakeFiles/cmTC_e8ca6.dir/CheckSymbolExists.c.o
/Library/Developer/CommandLineTools/usr/bin/cc -D_GNU_SOURCE  -isysroot /Library/Developer/CommandLineTools/SDKs/MacOSX10.15.sdk   -o CMakeFiles/cmTC_e8ca6.dir/CheckSymbolExists.c.o   -c /Users/sn/ucode/backup/json-c/CMakeFiles/CMakeTmp/CheckSymbolExists.c
Linking C executable cmTC_e8ca6
/usr/local/bin/cmake -E cmake_link_script CMakeFiles/cmTC_e8ca6.dir/link.txt --verbose=1
/Library/Developer/CommandLineTools/usr/bin/cc   -isysroot /Library/Developer/CommandLineTools/SDKs/MacOSX10.15.sdk -Wl,-search_paths_first -Wl,-headerpad_max_install_names   CMakeFiles/cmTC_e8ca6.dir/CheckSymbolExists.c.o  -o cmTC_e8ca6  -lm 


File /Users/sn/ucode/backup/json-c/CMakeFiles/CMakeTmp/CheckSymbolExists.c:
/* */
#include <locale.h>

int main(int argc, char** argv)
{
  (void)argv;
#ifndef setlocale
  return ((int*)(&setlocale))[argc];
#else
  (void)argc;
  return 0;
#endif
}
Determining if the strcasecmp exist passed with the following output:
Change Dir: /Users/sn/ucode/backup/json-c/CMakeFiles/CMakeTmp

Run Build Command(s):/usr/bin/make cmTC_9869d/fast && /Library/Developer/CommandLineTools/usr/bin/make  -f CMakeFiles/cmTC_9869d.dir/build.make CMakeFiles/cmTC_9869d.dir/build
Building C object CMakeFiles/cmTC_9869d.dir/CheckSymbolExists.c.o
/Library/Developer/CommandLineTools/usr/bin/cc -D_GNU_SOURCE  -isysroot /Library/Developer/CommandLineTools/SDKs/MacOSX10.15.sdk   -o CMakeFiles/cmTC_9869d.dir/CheckSymbolExists.c.o   -c /Users/sn/ucode/backup/json-c/CMakeFiles/CMakeTmp/CheckSymbolExists.c
Linking C executable cmTC_9869d
/usr/local/bin/cmake -E cmake_link_script CMakeFiles/cmTC_9869d.dir/link.txt --verbose=1
/Library/Developer/CommandLineTools/usr/bin/cc   -isysroot /Library/Developer/CommandLineTools/SDKs/MacOSX10.15.sdk -Wl,-search_paths_first -Wl,-headerpad_max_install_names   CMakeFiles/cmTC_9869d.dir/CheckSymbolExists.c.o  -o cmTC_9869d  -lm 


File /Users/sn/ucode/backup/json-c/CMakeFiles/CMakeTmp/CheckSymbolExists.c:
/* */
#include <strings.h>

int main(int argc, char** argv)
{
  (void)argv;
#ifndef strcasecmp
  return ((int*)(&strcasecmp))[argc];
#else
  (void)argc;
  return 0;
#endif
}
Determining if the strncasecmp exist passed with the following output:
Change Dir: /Users/sn/ucode/backup/json-c/CMakeFiles/CMakeTmp

Run Build Command(s):/usr/bin/make cmTC_6b07b/fast && /Library/Developer/CommandLineTools/usr/bin/make  -f CMakeFiles/cmTC_6b07b.dir/build.make CMakeFiles/cmTC_6b07b.dir/build
Building C object CMakeFiles/cmTC_6b07b.dir/CheckSymbolExists.c.o
/Library/Developer/CommandLineTools/usr/bin/cc -D_GNU_SOURCE  -isysroot /Library/Developer/CommandLineTools/SDKs/MacOSX10.15.sdk   -o CMakeFiles/cmTC_6b07b.dir/CheckSymbolExists.c.o   -c /Users/sn/ucode/backup/json-c/CMakeFiles/CMakeTmp/CheckSymbolExists.c
Linking C executable cmTC_6b07b
/usr/local/bin/cmake -E cmake_link_script CMakeFiles/cmTC_6b07b.dir/link.txt --verbose=1
/Library/Developer/CommandLineTools/usr/bin/cc   -isysroot /Library/Developer/CommandLineTools/SDKs/MacOSX10.15.sdk -Wl,-search_paths_first -Wl,-headerpad_max_install_names   CMakeFiles/cmTC_6b07b.dir/CheckSymbolExists.c.o  -o cmTC_6b07b  -lm 


File /Users/sn/ucode/backup/json-c/CMakeFiles/CMakeTmp/CheckSymbolExists.c:
/* */
#include <strings.h>

int main(int argc, char** argv)
{
  (void)argv;
#ifndef strncasecmp
  return ((int*)(&strncasecmp))[argc];
#else
  (void)argc;
  return 0;
#endif
}
Determining if the strdup exist passed with the following output:
Change Dir: /Users/sn/ucode/backup/json-c/CMakeFiles/CMakeTmp

Run Build Command(s):/usr/bin/make cmTC_2b7bb/fast && /Library/Developer/CommandLineTools/usr/bin/make  -f CMakeFiles/cmTC_2b7bb.dir/build.make CMakeFiles/cmTC_2b7bb.dir/build
Building C object CMakeFiles/cmTC_2b7bb.dir/CheckSymbolExists.c.o
/Library/Developer/CommandLineTools/usr/bin/cc -D_GNU_SOURCE  -isysroot /Library/Developer/CommandLineTools/SDKs/MacOSX10.15.sdk   -o CMakeFiles/cmTC_2b7bb.dir/CheckSymbolExists.c.o   -c /Users/sn/ucode/backup/json-c/CMakeFiles/CMakeTmp/CheckSymbolExists.c
Linking C executable cmTC_2b7bb
/usr/local/bin/cmake -E cmake_link_script CMakeFiles/cmTC_2b7bb.dir/link.txt --verbose=1
/Library/Developer/CommandLineTools/usr/bin/cc   -isysroot /Library/Developer/CommandLineTools/SDKs/MacOSX10.15.sdk -Wl,-search_paths_first -Wl,-headerpad_max_install_names   CMakeFiles/cmTC_2b7bb.dir/CheckSymbolExists.c.o  -o cmTC_2b7bb  -lm 


File /Users/sn/ucode/backup/json-c/CMakeFiles/CMakeTmp/CheckSymbolExists.c:
/* */
#include <string.h>

int main(int argc, char** argv)
{
  (void)argv;
#ifndef strdup
  return ((int*)(&strdup))[argc];
#else
  (void)argc;
  return 0;
#endif
}
Determining if the strerror exist passed with the following output:
Change Dir: /Users/sn/ucode/backup/json-c/CMakeFiles/CMakeTmp

Run Build Command(s):/usr/bin/make cmTC_9eb1e/fast && /Library/Developer/CommandLineTools/usr/bin/make  -f CMakeFiles/cmTC_9eb1e.dir/build.make CMakeFiles/cmTC_9eb1e.dir/build
Building C object CMakeFiles/cmTC_9eb1e.dir/CheckSymbolExists.c.o
/Library/Developer/CommandLineTools/usr/bin/cc -D_GNU_SOURCE  -isysroot /Library/Developer/CommandLineTools/SDKs/MacOSX10.15.sdk   -o CMakeFiles/cmTC_9eb1e.dir/CheckSymbolExists.c.o   -c /Users/sn/ucode/backup/json-c/CMakeFiles/CMakeTmp/CheckSymbolExists.c
Linking C executable cmTC_9eb1e
/usr/local/bin/cmake -E cmake_link_script CMakeFiles/cmTC_9eb1e.dir/link.txt --verbose=1
/Library/Developer/CommandLineTools/usr/bin/cc   -isysroot /Library/Developer/CommandLineTools/SDKs/MacOSX10.15.sdk -Wl,-search_paths_first -Wl,-headerpad_max_install_names   CMakeFiles/cmTC_9eb1e.dir/CheckSymbolExists.c.o  -o cmTC_9eb1e  -lm 


File /Users/sn/ucode/backup/json-c/CMakeFiles/CMakeTmp/CheckSymbolExists.c:
/* */
#include <string.h>

int main(int argc, char** argv)
{
  (void)argv;
#ifndef strerror
  return ((int*)(&strerror))[argc];
#else
  (void)argc;
  return 0;
#endif
}
Determining if the vsyslog exist passed with the following output:
Change Dir: /Users/sn/ucode/backup/json-c/CMakeFiles/CMakeTmp

Run Build Command(s):/usr/bin/make cmTC_75b6c/fast && /Library/Developer/CommandLineTools/usr/bin/make  -f CMakeFiles/cmTC_75b6c.dir/build.make CMakeFiles/cmTC_75b6c.dir/build
Building C object CMakeFiles/cmTC_75b6c.dir/CheckSymbolExists.c.o
/Library/Developer/CommandLineTools/usr/bin/cc -D_GNU_SOURCE  -isysroot /Library/Developer/CommandLineTools/SDKs/MacOSX10.15.sdk   -o CMakeFiles/cmTC_75b6c.dir/CheckSymbolExists.c.o   -c /Users/sn/ucode/backup/json-c/CMakeFiles/CMakeTmp/CheckSymbolExists.c
Linking C executable cmTC_75b6c
/usr/local/bin/cmake -E cmake_link_script CMakeFiles/cmTC_75b6c.dir/link.txt --verbose=1
/Library/Developer/CommandLineTools/usr/bin/cc   -isysroot /Library/Developer/CommandLineTools/SDKs/MacOSX10.15.sdk -Wl,-search_paths_first -Wl,-headerpad_max_install_names   CMakeFiles/cmTC_75b6c.dir/CheckSymbolExists.c.o  -o cmTC_75b6c  -lm 


File /Users/sn/ucode/backup/json-c/CMakeFiles/CMakeTmp/CheckSymbolExists.c:
/* */
#include <syslog.h>

int main(int argc, char** argv)
{
  (void)argv;
#ifndef vsyslog
  return ((int*)(&vsyslog))[argc];
#else
  (void)argc;
  return 0;
#endif
}
Determining if the strtoll exist passed with the following output:
Change Dir: /Users/sn/ucode/backup/json-c/CMakeFiles/CMakeTmp

Run Build Command(s):/usr/bin/make cmTC_ea039/fast && /Library/Developer/CommandLineTools/usr/bin/make  -f CMakeFiles/cmTC_ea039.dir/build.make CMakeFiles/cmTC_ea039.dir/build
Building C object CMakeFiles/cmTC_ea039.dir/CheckSymbolExists.c.o
/Library/Developer/CommandLineTools/usr/bin/cc -D_GNU_SOURCE  -isysroot /Library/Developer/CommandLineTools/SDKs/MacOSX10.15.sdk   -o CMakeFiles/cmTC_ea039.dir/CheckSymbolExists.c.o   -c /Users/sn/ucode/backup/json-c/CMakeFiles/CMakeTmp/CheckSymbolExists.c
Linking C executable cmTC_ea039
/usr/local/bin/cmake -E cmake_link_script CMakeFiles/cmTC_ea039.dir/link.txt --verbose=1
/Library/Developer/CommandLineTools/usr/bin/cc   -isysroot /Library/Developer/CommandLineTools/SDKs/MacOSX10.15.sdk -Wl,-search_paths_first -Wl,-headerpad_max_install_names   CMakeFiles/cmTC_ea039.dir/CheckSymbolExists.c.o  -o cmTC_ea039  -lm 


File /Users/sn/ucode/backup/json-c/CMakeFiles/CMakeTmp/CheckSymbolExists.c:
/* */
#include <stdlib.h>

int main(int argc, char** argv)
{
  (void)argv;
#ifndef strtoll
  return ((int*)(&strtoll))[argc];
#else
  (void)argc;
  return 0;
#endif
}
Determining if the strtoull exist passed with the following output:
Change Dir: /Users/sn/ucode/backup/json-c/CMakeFiles/CMakeTmp

Run Build Command(s):/usr/bin/make cmTC_ba150/fast && /Library/Developer/CommandLineTools/usr/bin/make  -f CMakeFiles/cmTC_ba150.dir/build.make CMakeFiles/cmTC_ba150.dir/build
Building C object CMakeFiles/cmTC_ba150.dir/CheckSymbolExists.c.o
/Library/Developer/CommandLineTools/usr/bin/cc -D_GNU_SOURCE  -isysroot /Library/Developer/CommandLineTools/SDKs/MacOSX10.15.sdk   -o CMakeFiles/cmTC_ba150.dir/CheckSymbolExists.c.o   -c /Users/sn/ucode/backup/json-c/CMakeFiles/CMakeTmp/CheckSymbolExists.c
Linking C executable cmTC_ba150
/usr/local/bin/cmake -E cmake_link_script CMakeFiles/cmTC_ba150.dir/link.txt --verbose=1
/Library/Developer/CommandLineTools/usr/bin/cc   -isysroot /Library/Developer/CommandLineTools/SDKs/MacOSX10.15.sdk -Wl,-search_paths_first -Wl,-headerpad_max_install_names   CMakeFiles/cmTC_ba150.dir/CheckSymbolExists.c.o  -o cmTC_ba150  -lm 


File /Users/sn/ucode/backup/json-c/CMakeFiles/CMakeTmp/CheckSymbolExists.c:
/* */
#include <stdlib.h>

int main(int argc, char** argv)
{
  (void)argv;
#ifndef strtoull
  return ((int*)(&strtoull))[argc];
#else
  (void)argc;
  return 0;
#endif
}
Determining if the include file stddef.h exists passed with the following output:
Change Dir: /Users/sn/ucode/backup/json-c/CMakeFiles/CMakeTmp

Run Build Command(s):/usr/bin/make cmTC_f5ee6/fast && /Library/Developer/CommandLineTools/usr/bin/make  -f CMakeFiles/cmTC_f5ee6.dir/build.make CMakeFiles/cmTC_f5ee6.dir/build
Building C object CMakeFiles/cmTC_f5ee6.dir/CheckIncludeFile.c.o
/Library/Developer/CommandLineTools/usr/bin/cc -D_GNU_SOURCE  -isysroot /Library/Developer/CommandLineTools/SDKs/MacOSX10.15.sdk   -o CMakeFiles/cmTC_f5ee6.dir/CheckIncludeFile.c.o   -c /Users/sn/ucode/backup/json-c/CMakeFiles/CMakeTmp/CheckIncludeFile.c
Linking C executable cmTC_f5ee6
/usr/local/bin/cmake -E cmake_link_script CMakeFiles/cmTC_f5ee6.dir/link.txt --verbose=1
/Library/Developer/CommandLineTools/usr/bin/cc   -isysroot /Library/Developer/CommandLineTools/SDKs/MacOSX10.15.sdk -Wl,-search_paths_first -Wl,-headerpad_max_install_names   CMakeFiles/cmTC_f5ee6.dir/CheckIncludeFile.c.o  -o cmTC_f5ee6  -lm 



Determining size of int passed with the following output:
Change Dir: /Users/sn/ucode/backup/json-c/CMakeFiles/CMakeTmp

Run Build Command(s):/usr/bin/make cmTC_92f51/fast && /Library/Developer/CommandLineTools/usr/bin/make  -f CMakeFiles/cmTC_92f51.dir/build.make CMakeFiles/cmTC_92f51.dir/build
Building C object CMakeFiles/cmTC_92f51.dir/SIZEOF_INT.c.o
/Library/Developer/CommandLineTools/usr/bin/cc -D_GNU_SOURCE  -isysroot /Library/Developer/CommandLineTools/SDKs/MacOSX10.15.sdk   -o CMakeFiles/cmTC_92f51.dir/SIZEOF_INT.c.o   -c /Users/sn/ucode/backup/json-c/CMakeFiles/CheckTypeSize/SIZEOF_INT.c
Linking C executable cmTC_92f51
/usr/local/bin/cmake -E cmake_link_script CMakeFiles/cmTC_92f51.dir/link.txt --verbose=1
/Library/Developer/CommandLineTools/usr/bin/cc   -isysroot /Library/Developer/CommandLineTools/SDKs/MacOSX10.15.sdk -Wl,-search_paths_first -Wl,-headerpad_max_install_names   CMakeFiles/cmTC_92f51.dir/SIZEOF_INT.c.o  -o cmTC_92f51  -lm 



Determining size of int64_t passed with the following output:
Change Dir: /Users/sn/ucode/backup/json-c/CMakeFiles/CMakeTmp

Run Build Command(s):/usr/bin/make cmTC_da1d6/fast && /Library/Developer/CommandLineTools/usr/bin/make  -f CMakeFiles/cmTC_da1d6.dir/build.make CMakeFiles/cmTC_da1d6.dir/build
Building C object CMakeFiles/cmTC_da1d6.dir/SIZEOF_INT64_T.c.o
/Library/Developer/CommandLineTools/usr/bin/cc -D_GNU_SOURCE  -isysroot /Library/Developer/CommandLineTools/SDKs/MacOSX10.15.sdk   -o CMakeFiles/cmTC_da1d6.dir/SIZEOF_INT64_T.c.o   -c /Users/sn/ucode/backup/json-c/CMakeFiles/CheckTypeSize/SIZEOF_INT64_T.c
Linking C executable cmTC_da1d6
/usr/local/bin/cmake -E cmake_link_script CMakeFiles/cmTC_da1d6.dir/link.txt --verbose=1
/Library/Developer/CommandLineTools/usr/bin/cc   -isysroot /Library/Developer/CommandLineTools/SDKs/MacOSX10.15.sdk -Wl,-search_paths_first -Wl,-headerpad_max_install_names   CMakeFiles/cmTC_da1d6.dir/SIZEOF_INT64_T.c.o  -o cmTC_da1d6  -lm 



Determining size of long passed with the following output:
Change Dir: /Users/sn/ucode/backup/json-c/CMakeFiles/CMakeTmp

Run Build Command(s):/usr/bin/make cmTC_00184/fast && /Library/Developer/CommandLineTools/usr/bin/make  -f CMakeFiles/cmTC_00184.dir/build.make CMakeFiles/cmTC_00184.dir/build
Building C object CMakeFiles/cmTC_00184.dir/SIZEOF_LONG.c.o
/Library/Developer/CommandLineTools/usr/bin/cc -D_GNU_SOURCE  -isysroot /Library/Developer/CommandLineTools/SDKs/MacOSX10.15.sdk   -o CMakeFiles/cmTC_00184.dir/SIZEOF_LONG.c.o   -c /Users/sn/ucode/backup/json-c/CMakeFiles/CheckTypeSize/SIZEOF_LONG.c
Linking C executable cmTC_00184
/usr/local/bin/cmake -E cmake_link_script CMakeFiles/cmTC_00184.dir/link.txt --verbose=1
/Library/Developer/CommandLineTools/usr/bin/cc   -isysroot /Library/Developer/CommandLineTools/SDKs/MacOSX10.15.sdk -Wl,-search_paths_first -Wl,-headerpad_max_install_names   CMakeFiles/cmTC_00184.dir/SIZEOF_LONG.c.o  -o cmTC_00184  -lm 



Determining size of long long passed with the following output:
Change Dir: /Users/sn/ucode/backup/json-c/CMakeFiles/CMakeTmp

Run Build Command(s):/usr/bin/make cmTC_e3d41/fast && /Library/Developer/CommandLineTools/usr/bin/make  -f CMakeFiles/cmTC_e3d41.dir/build.make CMakeFiles/cmTC_e3d41.dir/build
Building C object CMakeFiles/cmTC_e3d41.dir/SIZEOF_LONG_LONG.c.o
/Library/Developer/CommandLineTools/usr/bin/cc -D_GNU_SOURCE  -isysroot /Library/Developer/CommandLineTools/SDKs/MacOSX10.15.sdk   -o CMakeFiles/cmTC_e3d41.dir/SIZEOF_LONG_LONG.c.o   -c /Users/sn/ucode/backup/json-c/CMakeFiles/CheckTypeSize/SIZEOF_LONG_LONG.c
Linking C executable cmTC_e3d41
/usr/local/bin/cmake -E cmake_link_script CMakeFiles/cmTC_e3d41.dir/link.txt --verbose=1
/Library/Developer/CommandLineTools/usr/bin/cc   -isysroot /Library/Developer/CommandLineTools/SDKs/MacOSX10.15.sdk -Wl,-search_paths_first -Wl,-headerpad_max_install_names   CMakeFiles/cmTC_e3d41.dir/SIZEOF_LONG_LONG.c.o  -o cmTC_e3d41  -lm 



Determining size of size_t passed with the following output:
Change Dir: /Users/sn/ucode/backup/json-c/CMakeFiles/CMakeTmp

Run Build Command(s):/usr/bin/make cmTC_fe2e2/fast && /Library/Developer/CommandLineTools/usr/bin/make  -f CMakeFiles/cmTC_fe2e2.dir/build.make CMakeFiles/cmTC_fe2e2.dir/build
Building C object CMakeFiles/cmTC_fe2e2.dir/SIZEOF_SIZE_T.c.o
/Library/Developer/CommandLineTools/usr/bin/cc -D_GNU_SOURCE  -isysroot /Library/Developer/CommandLineTools/SDKs/MacOSX10.15.sdk   -o CMakeFiles/cmTC_fe2e2.dir/SIZEOF_SIZE_T.c.o   -c /Users/sn/ucode/backup/json-c/CMakeFiles/CheckTypeSize/SIZEOF_SIZE_T.c
Linking C executable cmTC_fe2e2
/usr/local/bin/cmake -E cmake_link_script CMakeFiles/cmTC_fe2e2.dir/link.txt --verbose=1
/Library/Developer/CommandLineTools/usr/bin/cc   -isysroot /Library/Developer/CommandLineTools/SDKs/MacOSX10.15.sdk -Wl,-search_paths_first -Wl,-headerpad_max_install_names   CMakeFiles/cmTC_fe2e2.dir/SIZEOF_SIZE_T.c.o  -o cmTC_fe2e2  -lm 



Performing C SOURCE FILE Test HAVE_ATOMIC_BUILTINS succeeded with the following output:
Change Dir: /Users/sn/ucode/backup/json-c/CMakeFiles/CMakeTmp

Run Build Command(s):/usr/bin/make cmTC_c253a/fast && /Library/Developer/CommandLineTools/usr/bin/make  -f CMakeFiles/cmTC_c253a.dir/build.make CMakeFiles/cmTC_c253a.dir/build
Building C object CMakeFiles/cmTC_c253a.dir/src.c.o
/Library/Developer/CommandLineTools/usr/bin/cc -D_GNU_SOURCE  -DHAVE_ATOMIC_BUILTINS -isysroot /Library/Developer/CommandLineTools/SDKs/MacOSX10.15.sdk   -o CMakeFiles/cmTC_c253a.dir/src.c.o   -c /Users/sn/ucode/backup/json-c/CMakeFiles/CMakeTmp/src.c
Linking C executable cmTC_c253a
/usr/local/bin/cmake -E cmake_link_script CMakeFiles/cmTC_c253a.dir/link.txt --verbose=1
/Library/Developer/CommandLineTools/usr/bin/cc  -DHAVE_ATOMIC_BUILTINS -isysroot /Library/Developer/CommandLineTools/SDKs/MacOSX10.15.sdk -Wl,-search_paths_first -Wl,-headerpad_max_install_names   CMakeFiles/cmTC_c253a.dir/src.c.o  -o cmTC_c253a  -lm 


Source file was:
int main() { int i, x = 0; i = __sync_add_and_fetch(&x,1); return x; }
Performing C SOURCE FILE Test HAVE___THREAD succeeded with the following output:
Change Dir: /Users/sn/ucode/backup/json-c/CMakeFiles/CMakeTmp

Run Build Command(s):/usr/bin/make cmTC_d5177/fast && /Library/Developer/CommandLineTools/usr/bin/make  -f CMakeFiles/cmTC_d5177.dir/build.make CMakeFiles/cmTC_d5177.dir/build
Building C object CMakeFiles/cmTC_d5177.dir/src.c.o
/Library/Developer/CommandLineTools/usr/bin/cc -D_GNU_SOURCE  -DHAVE___THREAD -isysroot /Library/Developer/CommandLineTools/SDKs/MacOSX10.15.sdk   -o CMakeFiles/cmTC_d5177.dir/src.c.o   -c /Users/sn/ucode/backup/json-c/CMakeFiles/CMakeTmp/src.c
Linking C executable cmTC_d5177
/usr/local/bin/cmake -E cmake_link_script CMakeFiles/cmTC_d5177.dir/link.txt --verbose=1
/Library/Developer/CommandLineTools/usr/bin/cc  -DHAVE___THREAD -isysroot /Library/Developer/CommandLineTools/SDKs/MacOSX10.15.sdk -Wl,-search_paths_first -Wl,-headerpad_max_install_names   CMakeFiles/cmTC_d5177.dir/src.c.o  -o cmTC_d5177  -lm 


Source file was:
__thread int x = 0; int main() { return 0; }
Performing C SOURCE FILE Test REENTRANT_WORKS succeeded with the following output:
Change Dir: /Users/sn/ucode/backup/json-c/CMakeFiles/CMakeTmp

Run Build Command(s):/usr/bin/make cmTC_04672/fast && /Library/Developer/CommandLineTools/usr/bin/make  -f CMakeFiles/cmTC_04672.dir/build.make CMakeFiles/cmTC_04672.dir/build
Building C object CMakeFiles/cmTC_04672.dir/src.c.o
/Library/Developer/CommandLineTools/usr/bin/cc -D_GNU_SOURCE  -DREENTRANT_WORKS -isysroot /Library/Developer/CommandLineTools/SDKs/MacOSX10.15.sdk   -o CMakeFiles/cmTC_04672.dir/src.c.o   -c /Users/sn/ucode/backup/json-c/CMakeFiles/CMakeTmp/src.c
Linking C executable cmTC_04672
/usr/local/bin/cmake -E cmake_link_script CMakeFiles/cmTC_04672.dir/link.txt --verbose=1
/Library/Developer/CommandLineTools/usr/bin/cc  -DREENTRANT_WORKS -isysroot /Library/Developer/CommandLineTools/SDKs/MacOSX10.15.sdk -Wl,-search_paths_first -Wl,-headerpad_max_install_names   CMakeFiles/cmTC_04672.dir/src.c.o  -o cmTC_04672  -lm 


Source file was:
	/* uClibc toolchains without threading barf when _REENTRANT is defined */
	#define _REENTRANT 1
	#include <sys/types.h>
	int main (void)
	{
	  return 0;
	}
	
